<?xml version="1.0" encoding="UTF-8"?>
<!-- Generated by org.testng.reporters.JUnitReportReporter -->
<testsuite hostname="LAPTOP-CNSGLOJC" failures="0" tests="1" name="oc.testcases.com.AccountRegistrationTest" time="3.095" errors="0" timestamp="2025-06-07T10:54:37 IST" skipped="0">
  <testcase classname="oc.testcases.com.AccountRegistrationTest" name="accountRegistration" time="3.095"/>
</testsuite> <!-- oc.testcases.com.AccountRegistrationTest -->
