<?xml version="1.0" encoding="UTF-8"?>
<!-- Generated by org.testng.reporters.JUnitReportReporter -->
<testsuite hostname="LAPTOP-CNSGLOJC" failures="0" tests="1" name="oc.testcases.com.TC002_LoginTest" time="2.252" errors="0" timestamp="2025-06-15T11:28:43 IST" skipped="0">
  <testcase classname="oc.testcases.com.TC002_LoginTest" name="verify_login" time="2.252"/>
</testsuite> <!-- oc.testcases.com.TC002_LoginTest -->
